# JRE version: Java(TM) SE Runtime Environment (8.0_144-b01) (build 1.8.0_144-b01)
# Java VM: Java HotSpot(TM) 64-Bit Server VM (25.144-b01 mixed mode windows-amd64 compressed oops)
Heap:
 PSYoungGen      total 71680K, used 12760K [0x00000000d5f00000, 0x00000000daa00000, 0x0000000100000000)
  eden space 66560K, 19% used [0x00000000d5f00000,0x00000000d6b76368,0x00000000da000000)
  from space 5120K, 0% used [0x00000000da500000,0x00000000da500000,0x00000000daa00000)
  to   space 5120K, 0% used [0x00000000da000000,0x00000000da000000,0x00000000da500000)
 ParOldGen       total 117760K, used 31622K [0x0000000081c00000, 0x0000000088f00000, 0x00000000d5f00000)
  object space 117760K, 26% used [0x0000000081c00000,0x0000000083ae1bb0,0x0000000088f00000)
 Metaspace       used 10424K, capacity 10654K, committed 10880K, reserved 1058816K
  class space    used 1185K, capacity 1290K, committed 1408K, reserved 1048576K
GC Heap History (6 events):
Event: 0.567 GC heap before
{Heap before GC invocations=1 (full 0):
 PSYoungGen      total 38400K, used 33280K [0x00000000d5f00000, 0x00000000d8980000, 0x0000000100000000)
  eden space 33280K, 100% used [0x00000000d5f00000,0x00000000d7f80000,0x00000000d7f80000)
  from space 5120K, 0% used [0x00000000d8480000,0x00000000d8480000,0x00000000d8980000)
  to   space 5120K, 0% used [0x00000000d7f80000,0x00000000d7f80000,0x00000000d8480000)
 ParOldGen       total 87552K, used 0K [0x0000000081c00000, 0x0000000087180000, 0x00000000d5f00000)
  object space 87552K, 0% used [0x0000000081c00000,0x0000000081c00000,0x0000000087180000)
 Metaspace       used 9712K, capacity 9910K, committed 10240K, reserved 1058816K
  class space    used 1143K, capacity 1194K, committed 1280K, reserved 1048576K
Event: 0.575 GC heap after
Heap after GC invocations=1 (full 0):
 PSYoungGen      total 38400K, used 4236K [0x00000000d5f00000, 0x00000000daa00000, 0x0000000100000000)
  eden space 33280K, 0% used [0x00000000d5f00000,0x00000000d5f00000,0x00000000d7f80000)
  from space 5120K, 82% used [0x00000000d7f80000,0x00000000d83a3010,0x00000000d8480000)
  to   space 5120K, 0% used [0x00000000da500000,0x00000000da500000,0x00000000daa00000)
 ParOldGen       total 87552K, used 33350K [0x0000000081c00000, 0x0000000087180000, 0x00000000d5f00000)
  object space 87552K, 38% used [0x0000000081c00000,0x0000000083c918a0,0x0000000087180000)
 Metaspace       used 9712K, capacity 9910K, committed 10240K, reserved 1058816K
  class space    used 1143K, capacity 1194K, committed 1280K, reserved 1048576K
}
Event: 0.786 GC heap before
{Heap before GC invocations=2 (full 0):
 PSYoungGen      total 38400K, used 37516K [0x00000000d5f00000, 0x00000000daa00000, 0x0000000100000000)
  eden space 33280K, 100% used [0x00000000d5f00000,0x00000000d7f80000,0x00000000d7f80000)
  from space 5120K, 82% used [0x00000000d7f80000,0x00000000d83a3010,0x00000000d8480000)
  to   space 5120K, 0% used [0x00000000da500000,0x00000000da500000,0x00000000daa00000)
 ParOldGen       total 87552K, used 33350K [0x0000000081c00000, 0x0000000087180000, 0x00000000d5f00000)
  object space 87552K, 38% used [0x0000000081c00000,0x0000000083c918a0,0x0000000087180000)
 Metaspace       used 10044K, capacity 10230K, committed 10496K, reserved 1058816K
  class space    used 1171K, capacity 1258K, committed 1280K, reserved 1048576K
Event: 0.793 GC heap after
Heap after GC invocations=2 (full 0):
 PSYoungGen      total 71680K, used 4956K [0x00000000d5f00000, 0x00000000daa00000, 0x0000000100000000)
  eden space 66560K, 0% used [0x00000000d5f00000,0x00000000d5f00000,0x00000000da000000)
  from space 5120K, 96% used [0x00000000da500000,0x00000000da9d7020,0x00000000daa00000)
  to   space 5120K, 0% used [0x00000000da000000,0x00000000da000000,0x00000000da500000)
 ParOldGen       total 87552K, used 52933K [0x0000000081c00000, 0x0000000087180000, 0x00000000d5f00000)
  object space 87552K, 60% used [0x0000000081c00000,0x0000000084fb1520,0x0000000087180000)
 Metaspace       used 10044K, capacity 10230K, committed 10496K, reserved 1058816K
  class space    used 1171K, capacity 1258K, committed 1280K, reserved 1048576K
}
Event: 0.793 GC heap before
{Heap before GC invocations=3 (full 1):
 PSYoungGen      total 71680K, used 4956K [0x00000000d5f00000, 0x00000000daa00000, 0x0000000100000000)
  eden space 66560K, 0% used [0x00000000d5f00000,0x00000000d5f00000,0x00000000da000000)
  from space 5120K, 96% used [0x00000000da500000,0x00000000da9d7020,0x00000000daa00000)
  to   space 5120K, 0% used [0x00000000da000000,0x00000000da000000,0x00000000da500000)
 ParOldGen       total 87552K, used 52933K [0x0000000081c00000, 0x0000000087180000, 0x00000000d5f00000)
  object space 87552K, 60% used [0x0000000081c00000,0x0000000084fb1520,0x0000000087180000)
 Metaspace       used 10044K, capacity 10230K, committed 10496K, reserved 1058816K
  class space    used 1171K, capacity 1258K, committed 1280K, reserved 1048576K
Event: 0.809 GC heap after
Heap after GC invocations=3 (full 1):
 PSYoungGen      total 71680K, used 0K [0x00000000d5f00000, 0x00000000daa00000, 0x0000000100000000)
  eden space 66560K, 0% used [0x00000000d5f00000,0x00000000d5f00000,0x00000000da000000)
  from space 5120K, 0% used [0x00000000da500000,0x00000000da500000,0x00000000daa00000)
  to   space 5120K, 0% used [0x00000000da000000,0x00000000da000000,0x00000000da500000)
 ParOldGen       total 117760K, used 31622K [0x0000000081c00000, 0x0000000088f00000, 0x00000000d5f00000)
  object space 117760K, 26% used [0x0000000081c00000,0x0000000083ae1bb0,0x0000000088f00000)
 Metaspace       used 10044K, capacity 10230K, committed 10496K, reserved 1058816K
  class space    used 1171K, capacity 1258K, committed 1280K, reserved 1048576K
}

